<?xml version="1.0" encoding="UTF-8"?>
<robot generator="Robot 7.0 (Python 3.12.0 on win32)" generated="2024-05-05T19:22:21.006928" rpa="false" schemaversion="5">
<suite id="s1" name="Main" source="C:\Users\Eric\devWorkspace\pythonWorkspace\robot_framework\NOPCOMMERCE\Tests\main.robot">
<test id="s1-t1" name="Start" line="11">
<kw name="Start_webdriver" owner="resource">
<kw name="Get Driver Path With Browser" owner="chromedriversync">
<msg time="2024-05-05T19:22:21.149663" level="INFO">====== WebDriver manager ======</msg>
<msg time="2024-05-05T19:22:22.122464" level="INFO">Get LATEST chromedriver version for google-chrome</msg>
<msg time="2024-05-05T19:22:22.370703" level="INFO">Get LATEST chromedriver version for google-chrome</msg>
<msg time="2024-05-05T19:22:22.596339" level="INFO">Driver [C:\Users\Eric\.wdm\drivers\chromedriver\win64\124.0.6367.91\chromedriver-win32/chromedriver.exe] found in cache</msg>
<msg time="2024-05-05T19:22:22.597340" level="INFO">C:\Users\Eric\.wdm\drivers\chromedriver\win64\124.0.6367.91\chromedriver-win32/chromedriver.exe</msg>
<msg time="2024-05-05T19:22:22.597340" level="INFO">${driver_path} = C:\Users\Eric\.wdm\drivers\chromedriver\win64\124.0.6367.91\chromedriver-win32/chromedriver.exe</msg>
<var>${driver_path}</var>
<arg>${browser}</arg>
<status status="PASS" start="2024-05-05T19:22:21.149663" elapsed="1.447677"/>
</kw>
<kw name="Open Browser" owner="SeleniumLibrary">
<msg time="2024-05-05T19:22:22.597340" level="INFO">Opening browser 'chrome' to base url 'https://demo.nopcommerce.com/'.</msg>
<arg>${url}</arg>
<arg>${browser}</arg>
<arg>executable_path=${driver_path}</arg>
<doc>Opens a new browser instance to the optional ``url``.</doc>
<status status="PASS" start="2024-05-05T19:22:22.597340" elapsed="1.952554"/>
</kw>
<kw name="Maximize Browser Window" owner="SeleniumLibrary">
<doc>Maximizes current browser window.</doc>
<status status="PASS" start="2024-05-05T19:22:24.549894" elapsed="0.030186"/>
</kw>
<arg>${nop_url}</arg>
<arg>chrome</arg>
<status status="PASS" start="2024-05-05T19:22:21.148578" elapsed="3.431502"/>
</kw>
<status status="PASS" start="2024-05-05T19:22:21.148578" elapsed="3.431502"/>
</test>
<test id="s1-t2" name="Login" line="14">
<kw name="Login_account" owner="resource">
<kw name="Wait Until Element Is Visible" owner="SeleniumLibrary">
<arg>//a[@href="/login?returnUrl=%2F" and contains(.,'Log in')]</arg>
<doc>Waits until the element ``locator`` is visible.</doc>
<status status="PASS" start="2024-05-05T19:22:24.583089" elapsed="0.091731"/>
</kw>
<kw name="Click Link" owner="SeleniumLibrary">
<msg time="2024-05-05T19:22:24.675834" level="INFO">Clicking link '//a[@href="/login?returnUrl=%2F" and contains(.,'Log in')]'.</msg>
<arg>//a[@href="/login?returnUrl=%2F" and contains(.,'Log in')]</arg>
<doc>Clicks a link identified by ``locator``.</doc>
<status status="PASS" start="2024-05-05T19:22:24.674820" elapsed="0.326712"/>
</kw>
<kw name="Sleep" owner="BuiltIn">
<msg time="2024-05-05T19:22:27.003272" level="INFO">Slept 2 seconds.</msg>
<arg>2</arg>
<doc>Pauses the test executed for the given time.</doc>
<status status="PASS" start="2024-05-05T19:22:25.002780" elapsed="2.000492"/>
</kw>
<status status="PASS" start="2024-05-05T19:22:24.582087" elapsed="2.421185"/>
</kw>
<status status="PASS" start="2024-05-05T19:22:24.581087" elapsed="2.423197"/>
</test>
<test id="s1-t3" name="SignIn" line="17">
<kw name="EnterEmailPasswordLogin" owner="resource">
<kw name="Input Text" owner="SeleniumLibrary">
<msg time="2024-05-05T19:22:27.005284" level="INFO">Typing text 'palerie@yopmail.fr' into text field 'Email'.</msg>
<arg>Email</arg>
<arg>${email}</arg>
<doc>Types the given ``text`` into the text field identified by ``locator``.</doc>
<status status="PASS" start="2024-05-05T19:22:27.005284" elapsed="0.085996"/>
</kw>
<kw name="Input Text" owner="SeleniumLibrary">
<msg time="2024-05-05T19:22:27.092290" level="INFO">Typing text '123456789' into text field 'Password'.</msg>
<arg>Password</arg>
<arg>${password}</arg>
<doc>Types the given ``text`` into the text field identified by ``locator``.</doc>
<status status="PASS" start="2024-05-05T19:22:27.092290" elapsed="0.067898"/>
</kw>
<kw name="Sleep" owner="BuiltIn">
<msg time="2024-05-05T19:22:29.160504" level="INFO">Slept 2 seconds.</msg>
<arg>2</arg>
<doc>Pauses the test executed for the given time.</doc>
<status status="PASS" start="2024-05-05T19:22:27.160188" elapsed="2.000316"/>
</kw>
<arg>${email}</arg>
<arg>${password}</arg>
<status status="PASS" start="2024-05-05T19:22:27.005284" elapsed="2.155220"/>
</kw>
<kw name="Click Button" owner="SeleniumLibrary">
<msg time="2024-05-05T19:22:29.162613" level="INFO">Clicking button '//button[@type='submit' and contains(.,'Log in')]'.</msg>
<arg>//button[@type='submit' and contains(.,'Log in')]</arg>
<doc>Clicks the button identified by ``locator``.</doc>
<status status="PASS" start="2024-05-05T19:22:29.162613" elapsed="0.536470"/>
</kw>
<status status="PASS" start="2024-05-05T19:22:27.005284" elapsed="2.693799"/>
</test>
<test id="s1-t4" name="TEST" line="21">
<kw name="Run Keyword And Return Status" owner="BuiltIn">
<kw name="Element Should Be Visible" owner="SeleniumLibrary">
<msg time="2024-05-05T19:22:30.445779" level="INFO" html="true">&lt;/td&gt;&lt;/tr&gt;&lt;tr&gt;&lt;td colspan="3"&gt;&lt;a href="selenium-screenshot-63.png"&gt;&lt;img src="selenium-screenshot-63.png" width="800px"&gt;&lt;/a&gt;</msg>
<msg time="2024-05-05T19:22:30.445779" level="FAIL">Element with locator '//div[@class='message-error validation-summary-errors']' not found.</msg>
<arg>//div[@class='message-error validation-summary-errors']</arg>
<doc>Verifies that the element identified by ``locator`` is visible.</doc>
<status status="FAIL" start="2024-05-05T19:22:29.700078" elapsed="0.747702">Element with locator '//div[@class='message-error validation-summary-errors']' not found.</status>
</kw>
<msg time="2024-05-05T19:22:30.447780" level="INFO">${variable} = False</msg>
<var>${variable}</var>
<arg>Element Should Be Visible</arg>
<arg>//div[@class='message-error validation-summary-errors']</arg>
<doc>Runs the given keyword with given arguments and returns the status as a Boolean value.</doc>
<status status="PASS" start="2024-05-05T19:22:29.700078" elapsed="0.747702"/>
</kw>
<kw name="Run Keyword If" owner="BuiltIn">
<kw name="Element Should Be Visible" owner="SeleniumLibrary">
<msg time="2024-05-05T19:22:30.464757" level="INFO">Element '//a[@href='/logout']' is displayed.</msg>
<arg>//a[@href='/logout']</arg>
<doc>Verifies that the element identified by ``locator`` is visible.</doc>
<status status="PASS" start="2024-05-05T19:22:30.448780" elapsed="0.015977"/>
</kw>
<arg>'${variable}' == 'True'</arg>
<arg>Create account</arg>
<arg>${user}[gender]</arg>
<arg>${user}[firstName]</arg>
<arg>${user}[lastName]</arg>
<arg>${user}[dayOfBirth]</arg>
<arg>${user}[monthOfBirth]</arg>
<arg>${user}[yearOfBith]</arg>
<arg>${user}[email]</arg>
<arg>${user}[password]</arg>
<arg>ELSE</arg>
<arg>Element Should Be Visible</arg>
<arg>//a[@href='/logout']</arg>
<doc>Runs the given keyword with the given arguments, if ``condition`` is true.</doc>
<status status="PASS" start="2024-05-05T19:22:30.447780" elapsed="0.017976"/>
</kw>
<status status="PASS" start="2024-05-05T19:22:29.700078" elapsed="0.765678"/>
</test>
<test id="s1-t5" name="Currency" line="37">
<kw name="SelectCurrency" owner="resource">
<kw name="Select From List By Label" owner="SeleniumLibrary">
<msg time="2024-05-05T19:22:30.466704" level="INFO">Selecting options from selection list 'customerCurrency' by label Euro.</msg>
<arg>customerCurrency</arg>
<arg>${currency}</arg>
<doc>Selects options from selection list ``locator`` by ``labels``.</doc>
<status status="PASS" start="2024-05-05T19:22:30.466704" elapsed="0.027484"/>
</kw>
<kw name="Page Should Contain" owner="SeleniumLibrary">
<msg time="2024-05-05T19:22:30.502188" level="INFO">Current page contains text 'Euro'.</msg>
<arg>Euro</arg>
<doc>Verifies that current page contains ``text``.</doc>
<status status="PASS" start="2024-05-05T19:22:30.494188" elapsed="0.009010"/>
</kw>
<kw name="Get Selected List Label" owner="SeleniumLibrary">
<msg time="2024-05-05T19:22:30.537156" level="INFO">${var} = Euro</msg>
<var>${var}</var>
<arg>customerCurrency</arg>
<doc>Returns the label of selected option from selection list ``locator``.</doc>
<status status="PASS" start="2024-05-05T19:22:30.503198" elapsed="0.033958"/>
</kw>
<kw name="Log" owner="BuiltIn">
<msg time="2024-05-05T19:22:30.538165" level="INFO">Euro</msg>
<arg>${var}</arg>
<doc>Logs the given message with the given level.</doc>
<status status="PASS" start="2024-05-05T19:22:30.537156" elapsed="0.001009"/>
</kw>
<arg>${euro_currency}</arg>
<status status="PASS" start="2024-05-05T19:22:30.466704" elapsed="0.071461"/>
</kw>
<status status="PASS" start="2024-05-05T19:22:30.466704" elapsed="0.071461"/>
</test>
<test id="s1-t6" name="Select_random_cat" line="43">
<kw name="Get Random Number" owner="utilitaires">
<msg time="2024-05-05T19:22:30.539156" level="INFO">${var} = 5</msg>
<var>${var}</var>
<doc>Retourne un nombre aléatoire entre 0 et 6.</doc>
<status status="PASS" start="2024-05-05T19:22:30.539156" elapsed="0.000000"/>
</kw>
<kw name="Log" owner="BuiltIn">
<msg time="2024-05-05T19:22:30.539156" level="INFO">Random Number: 5</msg>
<arg>Random Number: ${var}</arg>
<doc>Logs the given message with the given level.</doc>
<status status="PASS" start="2024-05-05T19:22:30.539156" elapsed="0.000000"/>
</kw>
<kw name="Select_category_by_random" owner="resource">
<kw name="Wait Until Element Is Visible" owner="SeleniumLibrary">
<arg>//div[@class="header-menu"]//ul[@class="top-menu notmobile"]/li[${var}]/a</arg>
<doc>Waits until the element ``locator`` is visible.</doc>
<status status="PASS" start="2024-05-05T19:22:30.540157" elapsed="0.013041"/>
</kw>
<kw name="Click Link" owner="SeleniumLibrary">
<msg time="2024-05-05T19:22:30.553198" level="INFO">Clicking link '//div[@class="header-menu"]//ul[@class="top-menu notmobile"]/li[5]/a'.</msg>
<arg>//div[@class="header-menu"]//ul[@class="top-menu notmobile"]/li[${var}]/a</arg>
<doc>Clicks a link identified by ``locator``.</doc>
<status status="PASS" start="2024-05-05T19:22:30.553198" elapsed="0.412590"/>
</kw>
<kw name="Sleep" owner="BuiltIn">
<msg time="2024-05-05T19:22:33.967306" level="INFO">Slept 3 seconds.</msg>
<arg>3</arg>
<doc>Pauses the test executed for the given time.</doc>
<status status="PASS" start="2024-05-05T19:22:30.966783" elapsed="3.000523"/>
</kw>
<arg>${var}</arg>
<status status="PASS" start="2024-05-05T19:22:30.540157" elapsed="3.427149"/>
</kw>
<status status="PASS" start="2024-05-05T19:22:30.538165" elapsed="3.430239"/>
</test>
<kw name="Run Keyword" owner="BuiltIn" type="TEARDOWN">
<kw name="Delete All Cookies" owner="SeleniumLibrary">
<doc>Deletes all cookies.</doc>
<status status="PASS" start="2024-05-05T19:22:33.971325" elapsed="0.036002"/>
</kw>
<arg>Delete All Cookies</arg>
<doc>Executes the given keyword with the given arguments.</doc>
<status status="PASS" start="2024-05-05T19:22:33.971325" elapsed="0.036002"/>
</kw>
<doc>Cet exemple d'automatisation des tests me permet de m'exercer sur RBF
Elle osciclle entre le site demo-nopcommerce et cdiscount</doc>
<status status="PASS" start="2024-05-05T19:22:21.007929" elapsed="12.999398"/>
</suite>
<statistics>
<total>
<stat pass="6" fail="0" skip="0">All Tests</stat>
</total>
<tag>
</tag>
<suite>
<stat pass="6" fail="0" skip="0" id="s1" name="Main">Main</stat>
</suite>
</statistics>
<errors>
</errors>
</robot>
